IJK
3377.58828125 1317.3791227530132
3408.13796875 1341.2742488911367
3485.3660312499997 1442.0829384631843
3427.84234375 1359.0867198832007
3367.81009375 1371.988445837843
3323.61884375 1330.725481078045
3135.6336874999997 1237.8319241361523
3225.08959375 1286.8619285716773
3361.9737812500002 1384.0890865137849
3362.4329375 1373.3389041535734
IKJ
9879.065625 1581.3649625090377
9870.173437500001 1630.511166715695
9755.1896875 1645.6227517686455
9806.095 1611.0133716250896
9627.872500000001 1714.165090009259
9855.245625 1576.7786552742998
9899.3746875 1549.3273151523917
9871.2446875 1570.1783032344722
9928.419062500001 1642.9469622609
9758.435 1616.560471828202
KIJ
9956.0978125 1633.6886655994049
9953.255 1611.838958288968
9980.5675 1660.9035406650044
10039.0084375 1659.1895328260168
9885.796875 1654.667098756136
9888.829687500001 1649.4634621352645
9895.975625000001 1546.340471756833
9896.5309375 1734.8490663331945
9900.62 1633.0525850569818
9813.4890625 1716.275248083175
