IJK
28799.600000000002 7761.753000159427
28899.246875 7764.359809805247
28948.956250000003 7684.005748261417
28609.878125000003 7609.601432516955
29310.065625 8361.016985974135
28820.00625 7808.841094056002
28650.55625 7824.298996197369
29179.240625 7932.879723386441
28693.784375 7757.760334642209
28600.990625 7923.700521785356
IKJ
31357.478125 3488.750183711174
31250.24375 3341.578243685064
31097.903125 3268.4548754068123
30486.596875 4138.26669064394
30643.575 3564.0837796532082
30650.45 3978.53731535566
30208.278125 3538.4025494231305
30654.196875 4215.78897728025
31502.053125 4323.696779824053
30930.225 3379.2093178062214
KIJ
32721.268749999996 3086.3407983416328
32084.221875 4032.5024958682257
31185.103125 3313.804696532992
32143.49375 3606.1966823195576
32370.946875 3898.8346632811745
32790.984375 3445.8371845824654
32491.3 4141.127774863018
32248.046875 3847.4696697108297
32982.778125 3409.397410832289
31790.074999999997 4387.170488609831
