BS=16
27428.00625 5670.518658700398
27778.246875 6275.552630233343
28037.246874999997 5507.715062380862
28402.481249999997 5820.909415559843
28023.19375 5339.6815869752245
28165.503125 5833.217007819313
28436.809374999997 5470.916439439431
28030.10625 5562.149306433302
28409.903124999997 5558.975206641458
28268.09375 5632.361716352267
BS=32
31634.878125000003 5667.260904229028
31122.459375 5692.369900016947
30969.8625 5441.205044410896
31629.15 5679.507938534021
32158.859375 5382.362247063919
31453.340625 6265.401254450038
31356.6 5621.624306998135
31428.5375 6196.20734012139
31282.800000000003 5870.295486765167
32068.340624999997 5486.68106169955
BS=48
33186.375 3561.819162242256
32036.328125 4129.508456512624
32892.325 3992.934644367918
32385.765625 4802.281726604913
32757.425000000003 4037.1838750904476
33071.665625 3694.332170353564
32437.39375 3934.7004223330728
32998.38125 3252.964424746965
31985.7375 3998.375434271661
32172.3375 4036.934118358602
BS=64
32240.065625000003 3590.856666376098
32977.203125 4014.570190105068
33274.76875 3364.709453634746
32015.640625 3841.8230747880352
32343.781249999996 3103.0710560655775
32414.66875 3860.2071456566987
32380.156249999996 4591.853532699636
33171.246875 3605.5826321704617
31945.9375 4563.467352350375
32372.83125 3722.543444269765
BS=80
32905.0 3316.119938976487
33169.6375 3368.724863931598
32151.1875 5715.798257503835
33237.4125 4256.758085281909
32784.009375 4310.516521504974
32839.528125000004 3673.3006024058363
32998.128125 3494.715887776894
32892.243749999994 3740.2691375421105
32070.496875 3850.6081149801794
32187.246874999997 4457.472688099301
BS=96
32260.109375 3296.7755016036176
32655.834375000002 4065.9157012991013
32441.6375 3991.104058402888
32349.359375 4021.0346286833396
33069.993749999994 3773.3885891166587
30833.240625 3323.704158534219
32660.040624999998 4210.399808221372
32861.703125 3222.5133092129245
33483.796875 3138.288270490714
33212.15 3368.4724903232504
BS=112
33404.384374999994 3542.884554410011
32440.19375 3879.7263067700464
33730.509375 3422.492604045768
32271.30625 3639.319343923593
33713.21875 4811.368122407025
34069.628125 3906.204032564374
32926.234375 4728.846651011243
33222.625 3790.5999845968718
32808.96875 4029.909812761563
32035.76875 4274.236637254658
BS=128
33283.0125 3739.070271428102
33744.35 3556.9286725053007
33464.10625 3585.377383739492
32779.00625 4409.512627369086
33170.003125 3987.746305830818
32912.025 4648.872361850149
34151.4 3629.9139778308263
32002.671875 3866.4247755086794
32646.590624999997 5351.332500467004
32293.659375 3969.7844835350606
