CP_KERNEL
34565.846875 9259.12674726539
33884.109375 8466.912233849818
35244.078125 9695.144786346189
34870.653125 9919.985824456064
34723.95 8688.179929707243
34784.346874999996 9047.949831439606
34980.965625 9559.302212677261
35253.675 9170.84483247265
33165.884375 8841.137113812445
35166.065625 9075.196395621575
CP_BLOCK
23555.67125 12763.585757742358
23510.372499999998 12522.876752998889
22860.215 12050.42541078784
23376.144375 12302.682794328668
23685.934687499997 12909.518465816529
23923.890625 12971.46798144469
22676.826562500002 11972.605439562278
23990.959375 12661.013710609112
23731.041250000002 12631.13319167513
22943.5284375 12321.453491322363
