BS=16
32635.459375 8833.786286782946
33689.2125 9277.022135805531
33251.525 9727.053157875154
33513.365625 9844.274183196116
32765.596875 9811.537287805104
33731.153125 8872.326124455727
32453.290625 9555.462405460416
32912.243749999994 10392.368889748133
32985.8375 9758.917000851894
32878.512500000004 9468.13845598881
BS=32
35491.978125 10767.870622686984
36225.271875 10050.324008586518
36508.590625 10240.743793027214
35945.946874999994 10653.18099908871
35920.915625 9781.682624174155
35742.503125 10434.811911855259
36221.696874999994 10529.428502013874
36018.878125 9954.753841279744
35518.596875 10502.82005430997
35372.5375 10050.092684270097
BS=48
36099.2 10165.320383983588
35680.83 11871.989535585772
35844.921875 10366.060012919159
36224.671875 10308.688523584375
36644.287500000006 10353.958805701388
36686.08125 10360.208791190284
36271.628125 9832.380562408178
36391.265625 10361.160481323896
36664.303125 10376.09034269013
36579.990625 10387.743883503488
BS=64
36207.671875 9968.874411960536
35255.4375 9110.009958025434
36510.946875 10659.38659416483
36821.909374999996 10072.048221795174
36388.84375 10131.257711176942
36856.4875 10135.908598282736
37005.03125 10345.812061812589
36607.503125 10771.651668735421
36635.259375 10015.564511939028
36118.240625000006 10013.414020295213
BS=80
36261.5 9841.723088906214
36128.9375 9963.48536146994
35530.212499999994 9510.139400720109
36857.728125 10090.136669979296
36766.243749999994 10341.85238236697
36338.1125 9899.642570991495
36632.503125 9998.015499974574
36754.8875 9987.728954806364
34554.887500000004 10180.426704117228
35576.246875 10314.348114937704
BS=96
36544.296875 9968.72560514307
36947.6875 10358.027477735137
37111.64062499999 10021.568269515228
36528.171875 10786.535230352474
35640.19375 9618.1977146126
35879.565625 10196.896200555799
37092.184375 10067.168219357654
36991.2875 10206.93645143878
36896.25937500001 10463.84442393408
37072.415625 10251.173010051389
BS=112
36195.878125 9528.938109905495
37229.674999999996 11062.21924433237
36101.54375 9981.641119217966
36738.778125 10795.510319355566
35933.2875 9882.00860220392
36987.33125 11151.38413200967
37469.25 10333.401717824363
35536.996875 8754.484281912211
34657.565625 10021.162431433158
37139.40625 10504.060022490767
BS=128
36334.875 9759.712663803171
36471.746875000004 10813.003249492636
37187.3625 11297.770326292048
36795.9125 10103.482473137667
36943.921875 10413.132482366316
37324.240625 10685.76277214172
37427.634375 10353.809794205545
36847.2375 10013.796363751233
37309.86875 11261.174755840198
37824.4625 10644.589227540184
