BS=32
36053.98125 11375.987821026938
35328.384374999994 11402.44267845949
36254.362499999996 10715.539490151674
36186.075 9911.771312157889
34825.56249999999 10187.486119135605
35277.36875 10030.15082607588
35283.39375 11234.8916447949
36147.88125 11222.98441538721
36515.89375 10353.209736113708
34998.171875 9896.185252107107
BS=48
36880.100000000006 10373.24050149882
37398.85625 10578.241182880332
35500.659374999996 11346.30220951243
36543.684375 10504.163881577548
36026.068750000006 10468.960823508378
36826.734375 10389.563507879631
35491.05625 10563.509355260181
35673.09375 10324.070805113259
34998.91875 10578.822560417504
36563.178125000006 10971.908162644546
BS=64
36746.965625 9531.059594704699
36729.021875 10143.937460589195
36695.806249999994 10198.823870868244
35654.681249999994 9814.58636288233
36601.60625 11180.872569559759
36960.912500000006 10602.735819186084
35790.178125 9795.4854664636
36022.524999999994 9936.822583963209
35831.40625 9816.53981252699
36436.44375 9941.69872146339
BS=80
37170.3875 9753.944682016538
37550.446875 10279.750639594715
35851.95 9230.059084632474
37572.3125 10863.801104132996
37752.65625 11200.333826762819
38122.412500000006 9694.047596326249
37967.015625 10410.002241613262
39138.5875 11110.663211840034
37898.996875 10990.623784184125
38111.853124999994 11950.388623967878
BS=96
39031.865625000006 11215.435828719947
39546.528125 11927.791776628346
39421.178125 11133.32058806369
38781.346875 10640.636441733699
38494.509374999994 10111.776414284976
38413.434375 10635.151198603964
38308.8375 10793.965994099397
38937.4125 10914.091029364658
38544.675 10627.394299851498
38001.19375 10980.581255545498
BS=112
35009.921875 11048.416492982573
38328.059375 10704.531501096804
38507.10625 11158.50677453659
38217.840625 10481.224398213968
38684.95 10951.201461616129
37711.184375 10553.527931030378
39208.253125 11408.116302736578
39121.443750000006 10906.14900242911
37009.14375 9806.030660342265
37661.096875 11034.759442150018
BS=128
38066.83125 11554.046332232663
39394.715625 10659.62830666246
39169.81875 10378.538538188763
38216.5625 11488.59799632353
39500.753124999996 11222.000488872203
38220.0875 10545.304846990804
39447.321874999994 11415.758340252934
38214.840625 10529.521548541494
37673.146875 11911.275828092183
37692.290624999994 11514.035247564918
