BS=32
40294.015625 11354.856616731106
40622.131250000006 12289.708236712053
40515.64375 12159.204070883052
39984.359375 11277.318647789476
40381.440624999996 12452.989275564665
40326.0375 12438.576963332338
40895.321874999994 11723.609371738678
40876.303125000006 11587.309906391736
41083.0125 11965.173517250103
40446.384374999994 11533.438638126332
BS=64
41128.34999999999 12564.920837330694
40324.28125 13043.071974694323
40083.7 10092.836841238988
40409.068750000006 11889.981524536975
40437.01875 11962.779175302721
41533.98125 12024.302794258976
40228.243749999994 12080.477650082932
40949.284375 11386.649583106422
40980.05 11194.722605245164
41680.434375 12819.829548124802
BS=96
44610.534375 13030.893316903574
45800.046875 12134.280142849479
44062.421875 11101.472807687664
38868.6625 11419.674304455391
38712.556249999994 11042.379274470244
38037.787500000006 11074.219498099936
38931.284375 10361.198695539897
39172.240625000006 10938.743187961189
38828.559375 10280.588936652675
38442.159375 10430.240086491047
BS=128
37830.45 10973.574494769608
37840.603125 11314.555927866928
38765.159375 10684.950504568122
38792.743749999994 10915.483903919876
38718.918750000004 10896.047696666172
39135.340625 10702.51838990996
38269.66562500001 10935.448726625313
38787.128125 10967.719005430741
39624.08125 11347.545202930027
37872.7375 10573.511853249442
BS=160
38844.471875 11628.931464662977
38116.48125 10899.921217129833
38070.2 10766.581915772167
39857.399999999994 10646.639100401288
38411.1 10057.749251006859
39139.553125000006 10437.646186080286
38320.6 11045.537350178738
39402.14375 11040.100037325441
39459.403125 11983.764203085406
38741.206249999996 11056.154745600721
BS=192
38792.796875 11292.572809751473
38247.065624999996 10513.698004511569
39366.7375 10896.025231063286
39184.51875 10433.0073815515
38671.459375 11036.010053832697
39866.259375 11010.410309598627
39475.071875 11968.696171242133
38681.956249999996 10714.49480810285
38444.109375 10733.994308146832
39158.518749999996 11691.083809866153
BS=224
39137.868749999994 11840.05404549668
39264.228125 11551.01352537417
39473.41562500001 11605.912127018304
39527.671875 11061.031552175218
38592.421875 10675.77728295755
38340.753124999996 11181.58517231776
39095.953125 10363.133157309085
38702.88125 10545.788897345661
38943.03125 10755.961386836647
39913.256250000006 10772.961615737486
BS=256
38515.6875 10959.157815939938
38744.259375 11652.530360726429
38859.0875 11421.51441669652
39617.359375 11009.570946134721
38442.828125 11438.443997841843
39164.040625 11045.58945887918
38704.328125 10783.050077731294
38953.728125 11081.17736117551
39224.83125 10684.807103982484
38140.375 10691.56947997633
BS=288
37744.121875 10269.885688145247
39297.3625 10425.982700144368
37313.653125 10650.582814553736
37378.94375 11461.434662940888
38854.85 10845.333121759586
37553.728124999994 10200.721629572205
37178.25624999999 10267.999901414274
38529.1875 11153.18369388383
37640.996875 10551.854736627734
37889.83125 11201.245355084335
BS=320
37019.84375 10177.912244848185
37468.05625 11334.009382952836
37713.640625 10445.860829483683
38023.034375 10731.824989754341
38467.953125 10699.219546966193
38082.221874999996 10643.072986469298
37564.140625 11222.113675379298
37661.003125 11058.601049788216
37302.384375 11450.074900194782
39266.412500000006 10666.298816599881
BS=352
36504.60625 9539.841835029501
37278.237499999996 9762.27323291211
37278.784374999996 11292.867101965347
38572.878125 11078.407924768368
37506.109375 11166.463110621778
37753.275 10620.861070310575
37535.3 11253.498158235925
37574.58125 11868.077406013197
37419.146875 10523.601174012028
37492.62499999999 11187.218323316496
BS=384
37586.587499999994 10124.470609107295
37758.306249999994 11613.777914710518
37114.940625 9699.370187264054
37555.381250000006 11662.19357392794
38362.734375 10945.953884533254
36633.775 9184.825428337343
37195.434375000004 9613.89246034627
37729.075 10955.278544360071
37315.45 11317.760736316885
38288.453125 10843.566694767034
BS=416
37498.928125 11215.939690292573
37652.08125 11697.068021115583
36644.578125 12104.15682338055
36580.465625 10456.200092632473
38221.778125000004 11298.616418086527
37394.2125 10720.29560788712
36975.865625 10513.682069036528
36555.953125 10511.02759124249
37432.746875000004 10437.439900850251
38959.825000000004 10583.587843357493
BS=448
36765.799999999996 11208.646309535243
37320.128125 10751.308961275196
35814.759374999994 9342.957741835064
36670.3 10906.4767419447
36099.91875 9965.15655738461
36519.240625 10283.37046089648
36333.934375 11049.274177114003
35135.88125 9163.528694088267
35819.412500000006 10690.048620208392
36592.596875 9608.630580838364
BS=480
35417.912500000006 9508.351688290973
35242.484375 8869.197623857432
35885.134375 10145.566580264835
35534.05 9583.321332028016
35673.159375 9432.431045065174
35227.18125 8702.810635222411
34803.81875 9074.65485213865
35241.971874999996 9500.130947967944
35332.021875 9700.229889451884
34568.796875 10207.107500910883
BS=512
34644.465625 9970.93167490152
34341.70625 9529.613261216153
34762.840625 8806.916623033883
34232.76875 7763.220419322895
35223.190625 9348.821334380465
35418.125 9181.650344379905
35451.725 9202.499475720993
34506.73125 7960.323766167916
34567.96875 8687.257151358572
34653.89375 8724.778671744483
